<?xml version="1.0" encoding="UTF-8"?>
<!-- Generated by org.testng.reporters.JUnitXMLReporter -->
<testsuite hostname="NAP-LAP1" ignored="0" name="APITest" tests="1" failures="1" timestamp="17 Nov 2019 15:56:58 GMT" time="1.765" errors="0">
  <testcase name="TypiCodeTest" time="1.336" classname="APITest.TypiCodeTest">
    <failure type="java.lang.IllegalArgumentException" message="Schema to use cannot be null">
      <![CDATA[java.lang.IllegalArgumentException: Schema to use cannot be null
at io.restassured.module.jsv.JsonSchemaValidator.validateSchemaIsNotNull(JsonSchemaValidator.java:270)
at io.restassured.module.jsv.JsonSchemaValidator.access$300(JsonSchemaValidator.java:75)
at io.restassured.module.jsv.JsonSchemaValidator$JsonSchemaValidatorFactory.create(JsonSchemaValidator.java:281)
at io.restassured.module.jsv.JsonSchemaValidator.matchesJsonSchema(JsonSchemaValidator.java:166)
at io.restassured.module.jsv.JsonSchemaValidator.matchesJsonSchemaInClasspath(JsonSchemaValidator.java:117)
at APITest.TypiCodeTest.TypiCodeTest(TypiCodeTest.java:30)
... Removed 29 stack frames]]>
    </failure>
  </testcase> <!-- TypiCodeTest -->
</testsuite> <!-- APITest -->
